The system is: Linux - 6.1.21-v8+ - aarch64
Compiling the CXX compiler identification source file "CMakeCXXCompilerId.cpp" succeeded.
Compiler: /usr/bin/clang++-11 
Build flags: 
Id flags:  

The output was:
0


Compilation of the CXX compiler identification source "CMakeCXXCompilerId.cpp" produced "a.out"

The CXX compiler identification is Clang, found in "/home/vac/Projects/QTCppCallPython_Demo/build/CMakeFiles/3.18.4/CompilerIdCXX/a.out"

Detecting CXX compiler ABI info compiled with the following output:
Change Dir: /home/vac/Projects/QTCppCallPython_Demo/build/CMakeFiles/CMakeTmp

Run Build Command(s):/usr/bin/gmake cmTC_9dbd8/fast && /usr/bin/gmake  -f CMakeFiles/cmTC_9dbd8.dir/build.make CMakeFiles/cmTC_9dbd8.dir/build
gmake[1]: Entering directory '/home/vac/Projects/QTCppCallPython_Demo/build/CMakeFiles/CMakeTmp'
Building CXX object CMakeFiles/cmTC_9dbd8.dir/CMakeCXXCompilerABI.cpp.o
/usr/bin/clang++-11   -v -o CMakeFiles/cmTC_9dbd8.dir/CMakeCXXCompilerABI.cpp.o -c /usr/share/cmake-3.18/Modules/CMakeCXXCompilerABI.cpp
Debian clang version 11.0.1-2
Target: aarch64-unknown-linux-gnu
Thread model: posix
InstalledDir: /usr/bin
Found candidate GCC installation: /usr/bin/../lib/gcc/aarch64-linux-gnu/10
Found candidate GCC installation: /usr/lib/gcc/aarch64-linux-gnu/10
Selected GCC installation: /usr/bin/../lib/gcc/aarch64-linux-gnu/10
Candidate multilib: .;@m64
Selected multilib: .;@m64
 (in-process)
 "/usr/lib/llvm-11/bin/clang" -cc1 -triple aarch64-unknown-linux-gnu -emit-obj -mrelax-all -disable-free -disable-llvm-verifier -discard-value-names -main-file-name CMakeCXXCompilerABI.cpp -mrelocation-model static -mframe-pointer=non-leaf -fmath-errno -fno-rounding-math -mconstructor-aliases -target-cpu generic -target-feature +neon -target-abi aapcs -fallow-half-arguments-and-returns -fno-split-dwarf-inlining -debugger-tuning=gdb -v -resource-dir /usr/lib/llvm-11/lib/clang/11.0.1 -internal-isystem /usr/bin/../lib/gcc/aarch64-linux-gnu/10/../../../../include/c++/10 -internal-isystem /usr/bin/../lib/gcc/aarch64-linux-gnu/10/../../../../include/aarch64-linux-gnu/c++/10 -internal-isystem /usr/bin/../lib/gcc/aarch64-linux-gnu/10/../../../../include/aarch64-linux-gnu/c++/10 -internal-isystem /usr/bin/../lib/gcc/aarch64-linux-gnu/10/../../../../include/c++/10/backward -internal-isystem /usr/local/include -internal-isystem /usr/lib/llvm-11/lib/clang/11.0.1/include -internal-externc-isystem /usr/include/aarch64-linux-gnu -internal-externc-isystem /include -internal-externc-isystem /usr/include -fdeprecated-macro -fdebug-compilation-dir /home/vac/Projects/QTCppCallPython_Demo/build/CMakeFiles/CMakeTmp -ferror-limit 19 -fno-signed-char -fgnuc-version=4.2.1 -fcxx-exceptions -fexceptions -faddrsig -o CMakeFiles/cmTC_9dbd8.dir/CMakeCXXCompilerABI.cpp.o -x c++ /usr/share/cmake-3.18/Modules/CMakeCXXCompilerABI.cpp
clang -cc1 version 11.0.1 based upon LLVM 11.0.1 default target aarch64-unknown-linux-gnu
ignoring nonexistent directory "/include"
ignoring duplicate directory "/usr/bin/../lib/gcc/aarch64-linux-gnu/10/../../../../include/aarch64-linux-gnu/c++/10"
#include "..." search starts here:
#include <...> search starts here:
 /usr/bin/../lib/gcc/aarch64-linux-gnu/10/../../../../include/c++/10
 /usr/bin/../lib/gcc/aarch64-linux-gnu/10/../../../../include/aarch64-linux-gnu/c++/10
 /usr/bin/../lib/gcc/aarch64-linux-gnu/10/../../../../include/c++/10/backward
 /usr/local/include
 /usr/lib/llvm-11/lib/clang/11.0.1/include
 /usr/include/aarch64-linux-gnu
 /usr/include
End of search list.
Linking CXX executable cmTC_9dbd8
/usr/bin/cmake -E cmake_link_script CMakeFiles/cmTC_9dbd8.dir/link.txt --verbose=1
/usr/bin/clang++-11  -v CMakeFiles/cmTC_9dbd8.dir/CMakeCXXCompilerABI.cpp.o -o cmTC_9dbd8 
Debian clang version 11.0.1-2
Target: aarch64-unknown-linux-gnu
Thread model: posix
InstalledDir: /usr/bin
Found candidate GCC installation: /usr/bin/../lib/gcc/aarch64-linux-gnu/10
Found candidate GCC installation: /usr/lib/gcc/aarch64-linux-gnu/10
Selected GCC installation: /usr/bin/../lib/gcc/aarch64-linux-gnu/10
Candidate multilib: .;@m64
Selected multilib: .;@m64
 "/usr/bin/ld" -EL --hash-style=both --build-id --eh-frame-hdr -m aarch64linux -dynamic-linker /lib/ld-linux-aarch64.so.1 -o cmTC_9dbd8 /usr/bin/../lib/gcc/aarch64-linux-gnu/10/../../../aarch64-linux-gnu/crt1.o /usr/bin/../lib/gcc/aarch64-linux-gnu/10/../../../aarch64-linux-gnu/crti.o /usr/bin/../lib/gcc/aarch64-linux-gnu/10/crtbegin.o -L/usr/bin/../lib/gcc/aarch64-linux-gnu/10 -L/usr/bin/../lib/gcc/aarch64-linux-gnu/10/../../../aarch64-linux-gnu -L/lib/aarch64-linux-gnu -L/usr/lib/aarch64-linux-gnu -L/usr/bin/../lib/gcc/aarch64-linux-gnu/10/../../.. -L/usr/lib/llvm-11/bin/../lib -L/lib -L/usr/lib CMakeFiles/cmTC_9dbd8.dir/CMakeCXXCompilerABI.cpp.o -lstdc++ -lm -lgcc_s -lgcc -lc -lgcc_s -lgcc /usr/bin/../lib/gcc/aarch64-linux-gnu/10/crtend.o /usr/bin/../lib/gcc/aarch64-linux-gnu/10/../../../aarch64-linux-gnu/crtn.o
gmake[1]: Leaving directory '/home/vac/Projects/QTCppCallPython_Demo/build/CMakeFiles/CMakeTmp'



Parsed CXX implicit include dir info from above output: rv=done
  found start of include info
  found start of implicit include info
    add: [/usr/bin/../lib/gcc/aarch64-linux-gnu/10/../../../../include/c++/10]
    add: [/usr/bin/../lib/gcc/aarch64-linux-gnu/10/../../../../include/aarch64-linux-gnu/c++/10]
    add: [/usr/bin/../lib/gcc/aarch64-linux-gnu/10/../../../../include/c++/10/backward]
    add: [/usr/local/include]
    add: [/usr/lib/llvm-11/lib/clang/11.0.1/include]
    add: [/usr/include/aarch64-linux-gnu]
    add: [/usr/include]
  end of search list found
  collapse include dir [/usr/bin/../lib/gcc/aarch64-linux-gnu/10/../../../../include/c++/10] ==> [/usr/include/c++/10]
  collapse include dir [/usr/bin/../lib/gcc/aarch64-linux-gnu/10/../../../../include/aarch64-linux-gnu/c++/10] ==> [/usr/include/aarch64-linux-gnu/c++/10]
  collapse include dir [/usr/bin/../lib/gcc/aarch64-linux-gnu/10/../../../../include/c++/10/backward] ==> [/usr/include/c++/10/backward]
  collapse include dir [/usr/local/include] ==> [/usr/local/include]
  collapse include dir [/usr/lib/llvm-11/lib/clang/11.0.1/include] ==> [/usr/lib/llvm-11/lib/clang/11.0.1/include]
  collapse include dir [/usr/include/aarch64-linux-gnu] ==> [/usr/include/aarch64-linux-gnu]
  collapse include dir [/usr/include] ==> [/usr/include]
  implicit include dirs: [/usr/include/c++/10;/usr/include/aarch64-linux-gnu/c++/10;/usr/include/c++/10/backward;/usr/local/include;/usr/lib/llvm-11/lib/clang/11.0.1/include;/usr/include/aarch64-linux-gnu;/usr/include]


Parsed CXX implicit link information from above output:
  link line regex: [^( *|.*[/\])(ld|CMAKE_LINK_STARTFILE-NOTFOUND|([^/\]+-)?ld|collect2)[^/\]*( |$)]
  ignore line: [Change Dir: /home/vac/Projects/QTCppCallPython_Demo/build/CMakeFiles/CMakeTmp]
  ignore line: []
  ignore line: [Run Build Command(s):/usr/bin/gmake cmTC_9dbd8/fast && /usr/bin/gmake  -f CMakeFiles/cmTC_9dbd8.dir/build.make CMakeFiles/cmTC_9dbd8.dir/build]
  ignore line: [gmake[1]: Entering directory '/home/vac/Projects/QTCppCallPython_Demo/build/CMakeFiles/CMakeTmp']
  ignore line: [Building CXX object CMakeFiles/cmTC_9dbd8.dir/CMakeCXXCompilerABI.cpp.o]
  ignore line: [/usr/bin/clang++-11   -v -o CMakeFiles/cmTC_9dbd8.dir/CMakeCXXCompilerABI.cpp.o -c /usr/share/cmake-3.18/Modules/CMakeCXXCompilerABI.cpp]
  ignore line: [Debian clang version 11.0.1-2]
  ignore line: [Target: aarch64-unknown-linux-gnu]
  ignore line: [Thread model: posix]
  ignore line: [InstalledDir: /usr/bin]
  ignore line: [Found candidate GCC installation: /usr/bin/../lib/gcc/aarch64-linux-gnu/10]
  ignore line: [Found candidate GCC installation: /usr/lib/gcc/aarch64-linux-gnu/10]
  ignore line: [Selected GCC installation: /usr/bin/../lib/gcc/aarch64-linux-gnu/10]
  ignore line: [Candidate multilib: .]
  ignore line: [@m64]
  ignore line: [Selected multilib: .]
  ignore line: [@m64]
  ignore line: [ (in-process)]
  ignore line: [ "/usr/lib/llvm-11/bin/clang" -cc1 -triple aarch64-unknown-linux-gnu -emit-obj -mrelax-all -disable-free -disable-llvm-verifier -discard-value-names -main-file-name CMakeCXXCompilerABI.cpp -mrelocation-model static -mframe-pointer=non-leaf -fmath-errno -fno-rounding-math -mconstructor-aliases -target-cpu generic -target-feature +neon -target-abi aapcs -fallow-half-arguments-and-returns -fno-split-dwarf-inlining -debugger-tuning=gdb -v -resource-dir /usr/lib/llvm-11/lib/clang/11.0.1 -internal-isystem /usr/bin/../lib/gcc/aarch64-linux-gnu/10/../../../../include/c++/10 -internal-isystem /usr/bin/../lib/gcc/aarch64-linux-gnu/10/../../../../include/aarch64-linux-gnu/c++/10 -internal-isystem /usr/bin/../lib/gcc/aarch64-linux-gnu/10/../../../../include/aarch64-linux-gnu/c++/10 -internal-isystem /usr/bin/../lib/gcc/aarch64-linux-gnu/10/../../../../include/c++/10/backward -internal-isystem /usr/local/include -internal-isystem /usr/lib/llvm-11/lib/clang/11.0.1/include -internal-externc-isystem /usr/include/aarch64-linux-gnu -internal-externc-isystem /include -internal-externc-isystem /usr/include -fdeprecated-macro -fdebug-compilation-dir /home/vac/Projects/QTCppCallPython_Demo/build/CMakeFiles/CMakeTmp -ferror-limit 19 -fno-signed-char -fgnuc-version=4.2.1 -fcxx-exceptions -fexceptions -faddrsig -o CMakeFiles/cmTC_9dbd8.dir/CMakeCXXCompilerABI.cpp.o -x c++ /usr/share/cmake-3.18/Modules/CMakeCXXCompilerABI.cpp]
  ignore line: [clang -cc1 version 11.0.1 based upon LLVM 11.0.1 default target aarch64-unknown-linux-gnu]
  ignore line: [ignoring nonexistent directory "/include"]
  ignore line: [ignoring duplicate directory "/usr/bin/../lib/gcc/aarch64-linux-gnu/10/../../../../include/aarch64-linux-gnu/c++/10"]
  ignore line: [#include "..." search starts here:]
  ignore line: [#include <...> search starts here:]
  ignore line: [ /usr/bin/../lib/gcc/aarch64-linux-gnu/10/../../../../include/c++/10]
  ignore line: [ /usr/bin/../lib/gcc/aarch64-linux-gnu/10/../../../../include/aarch64-linux-gnu/c++/10]
  ignore line: [ /usr/bin/../lib/gcc/aarch64-linux-gnu/10/../../../../include/c++/10/backward]
  ignore line: [ /usr/local/include]
  ignore line: [ /usr/lib/llvm-11/lib/clang/11.0.1/include]
  ignore line: [ /usr/include/aarch64-linux-gnu]
  ignore line: [ /usr/include]
  ignore line: [End of search list.]
  ignore line: [Linking CXX executable cmTC_9dbd8]
  ignore line: [/usr/bin/cmake -E cmake_link_script CMakeFiles/cmTC_9dbd8.dir/link.txt --verbose=1]
  ignore line: [/usr/bin/clang++-11  -v CMakeFiles/cmTC_9dbd8.dir/CMakeCXXCompilerABI.cpp.o -o cmTC_9dbd8 ]
  ignore line: [Debian clang version 11.0.1-2]
  ignore line: [Target: aarch64-unknown-linux-gnu]
  ignore line: [Thread model: posix]
  ignore line: [InstalledDir: /usr/bin]
  ignore line: [Found candidate GCC installation: /usr/bin/../lib/gcc/aarch64-linux-gnu/10]
  ignore line: [Found candidate GCC installation: /usr/lib/gcc/aarch64-linux-gnu/10]
  ignore line: [Selected GCC installation: /usr/bin/../lib/gcc/aarch64-linux-gnu/10]
  ignore line: [Candidate multilib: .]
  ignore line: [@m64]
  ignore line: [Selected multilib: .]
  ignore line: [@m64]
  link line: [ "/usr/bin/ld" -EL --hash-style=both --build-id --eh-frame-hdr -m aarch64linux -dynamic-linker /lib/ld-linux-aarch64.so.1 -o cmTC_9dbd8 /usr/bin/../lib/gcc/aarch64-linux-gnu/10/../../../aarch64-linux-gnu/crt1.o /usr/bin/../lib/gcc/aarch64-linux-gnu/10/../../../aarch64-linux-gnu/crti.o /usr/bin/../lib/gcc/aarch64-linux-gnu/10/crtbegin.o -L/usr/bin/../lib/gcc/aarch64-linux-gnu/10 -L/usr/bin/../lib/gcc/aarch64-linux-gnu/10/../../../aarch64-linux-gnu -L/lib/aarch64-linux-gnu -L/usr/lib/aarch64-linux-gnu -L/usr/bin/../lib/gcc/aarch64-linux-gnu/10/../../.. -L/usr/lib/llvm-11/bin/../lib -L/lib -L/usr/lib CMakeFiles/cmTC_9dbd8.dir/CMakeCXXCompilerABI.cpp.o -lstdc++ -lm -lgcc_s -lgcc -lc -lgcc_s -lgcc /usr/bin/../lib/gcc/aarch64-linux-gnu/10/crtend.o /usr/bin/../lib/gcc/aarch64-linux-gnu/10/../../../aarch64-linux-gnu/crtn.o]
    arg [/usr/bin/ld] ==> ignore
    arg [-EL] ==> ignore
    arg [--hash-style=both] ==> ignore
    arg [--build-id] ==> ignore
    arg [--eh-frame-hdr] ==> ignore
    arg [-m] ==> ignore
    arg [aarch64linux] ==> ignore
    arg [-dynamic-linker] ==> ignore
    arg [/lib/ld-linux-aarch64.so.1] ==> ignore
    arg [-o] ==> ignore
    arg [cmTC_9dbd8] ==> ignore
    arg [/usr/bin/../lib/gcc/aarch64-linux-gnu/10/../../../aarch64-linux-gnu/crt1.o] ==> ignore
    arg [/usr/bin/../lib/gcc/aarch64-linux-gnu/10/../../../aarch64-linux-gnu/crti.o] ==> ignore
    arg [/usr/bin/../lib/gcc/aarch64-linux-gnu/10/crtbegin.o] ==> ignore
    arg [-L/usr/bin/../lib/gcc/aarch64-linux-gnu/10] ==> dir [/usr/bin/../lib/gcc/aarch64-linux-gnu/10]
    arg [-L/usr/bin/../lib/gcc/aarch64-linux-gnu/10/../../../aarch64-linux-gnu] ==> dir [/usr/bin/../lib/gcc/aarch64-linux-gnu/10/../../../aarch64-linux-gnu]
    arg [-L/lib/aarch64-linux-gnu] ==> dir [/lib/aarch64-linux-gnu]
    arg [-L/usr/lib/aarch64-linux-gnu] ==> dir [/usr/lib/aarch64-linux-gnu]
    arg [-L/usr/bin/../lib/gcc/aarch64-linux-gnu/10/../../..] ==> dir [/usr/bin/../lib/gcc/aarch64-linux-gnu/10/../../..]
    arg [-L/usr/lib/llvm-11/bin/../lib] ==> dir [/usr/lib/llvm-11/bin/../lib]
    arg [-L/lib] ==> dir [/lib]
    arg [-L/usr/lib] ==> dir [/usr/lib]
    arg [CMakeFiles/cmTC_9dbd8.dir/CMakeCXXCompilerABI.cpp.o] ==> ignore
    arg [-lstdc++] ==> lib [stdc++]
    arg [-lm] ==> lib [m]
    arg [-lgcc_s] ==> lib [gcc_s]
    arg [-lgcc] ==> lib [gcc]
    arg [-lc] ==> lib [c]
    arg [-lgcc_s] ==> lib [gcc_s]
    arg [-lgcc] ==> lib [gcc]
    arg [/usr/bin/../lib/gcc/aarch64-linux-gnu/10/crtend.o] ==> ignore
    arg [/usr/bin/../lib/gcc/aarch64-linux-gnu/10/../../../aarch64-linux-gnu/crtn.o] ==> ignore
  collapse library dir [/usr/bin/../lib/gcc/aarch64-linux-gnu/10] ==> [/usr/lib/gcc/aarch64-linux-gnu/10]
  collapse library dir [/usr/bin/../lib/gcc/aarch64-linux-gnu/10/../../../aarch64-linux-gnu] ==> [/usr/lib/aarch64-linux-gnu]
  collapse library dir [/lib/aarch64-linux-gnu] ==> [/lib/aarch64-linux-gnu]
  collapse library dir [/usr/lib/aarch64-linux-gnu] ==> [/usr/lib/aarch64-linux-gnu]
  collapse library dir [/usr/bin/../lib/gcc/aarch64-linux-gnu/10/../../..] ==> [/usr/lib]
  collapse library dir [/usr/lib/llvm-11/bin/../lib] ==> [/usr/lib/llvm-11/lib]
  collapse library dir [/lib] ==> [/lib]
  collapse library dir [/usr/lib] ==> [/usr/lib]
  implicit libs: [stdc++;m;gcc_s;gcc;c;gcc_s;gcc]
  implicit dirs: [/usr/lib/gcc/aarch64-linux-gnu/10;/usr/lib/aarch64-linux-gnu;/lib/aarch64-linux-gnu;/usr/lib;/usr/lib/llvm-11/lib;/lib]
  implicit fwks: []


